<?xml version="1.0" encoding="UTF-8"?>
<!-- Generated by org.testng.reporters.JUnitReportReporter -->
<testsuite hostname="RQ-JNV6LC2" failures="0" tests="1" name="pageObjects.partnerportal.Accounts.AccountsPage" time="0.023" errors="0" timestamp="07 Dec 2020 17:14:45 GMT" skipped="0">
  <testcase classname="pageObjects.partnerportal.Accounts.AccountsPage" name="clickOnViewProposalCashBtn" time="0.023"/>
</testsuite> <!-- pageObjects.partnerportal.Accounts.AccountsPage -->
