<?xml version="1.0" encoding="UTF-8"?>
<!-- Generated by org.testng.reporters.JUnitReportReporter -->
<testsuite hostname="RQ-JNV6LC2" failures="0" tests="1" name="testRunners.partnerPortal.TestCasesRunner.LoginToPartnerPortal" time="0.020" errors="0" timestamp="03 Dec 2020 03:14:14 GMT" skipped="0">
  <testcase classname="testRunners.partnerPortal.TestCasesRunner.LoginToPartnerPortal" name="setup" time="0.020"/>
</testsuite> <!-- testRunners.partnerPortal.TestCasesRunner.LoginToPartnerPortal -->
