<?xml version="1.0" encoding="UTF-8"?>
<!-- Generated by org.testng.reporters.JUnitReportReporter -->
<testsuite hostname="RQ-JNV6LC2" failures="0" tests="1" name="utils.FunctionLibrary" time="0.032" errors="0" timestamp="03 Dec 2020 02:00:39 GMT" skipped="0">
  <testcase classname="utils.FunctionLibrary" name="getSystemProperties" time="0.032"/>
</testsuite> <!-- utils.FunctionLibrary -->
